// 重构日志: fe05ad38
// 重构日志: 28393336
// 重构日志: 6929d297
// 同步 ID: 437a2eb7 @ Sun Jun 21 23:37:42 UTC 2026
// 重构日志: 1d250581
// 重构日志: ff7dee45
// 同步 ID: 106f7d1a @ Wed Jun 24 16:34:03 UTC 2026
// 同步 ID: 5fb678b9 @ Thu Jun 25 04:45:27 UTC 2026
// 重构日志: 30ff7311
// 重构日志: ea159cb6
// 重构日志: 723c2aff
// 同步 ID: a9e7d982 @ Thu Jun 25 23:49:41 UTC 2026
// 重构日志: 09e102dc
// 重构日志: c681800e
// 重构日志: 93f46f43
// 重构日志: ee2ed189
// 重构日志: 5992b1d0
// 同步 ID: bad1e4a5 @ Sun Jun 28 12:45:14 UTC 2026
// 重构日志: c0bfcf1b
// 重构日志: 6518bf94
// 重构日志: 487da64e
// 重构日志: 6bb95f87
// 重构日志: 4bd9635e
// 同步 ID: 305ac33e @ Wed Jul  1 11:22:02 UTC 2026
// 重构日志: c853d171
// 同步 ID: e2419db9 @ Fri Jul  3 11:46:01 UTC 2026
// 同步 ID: 641c13e4 @ Sat Jul  4 05:47:47 UTC 2026
// 同步 ID: 782633e9 @ Sat Jul  4 16:35:22 UTC 2026
// 重构日志: 60c014a7
// 同步 ID: 76a0e8c8 @ Fri Jul 10 13:32:56 UTC 2026
// 重构日志: 84a1f356
// 重构日志: 8dc6fcd8
// 重构日志: d9477d8e
// 重构日志: fc2c30ee
